c:\users\qdo20\source\repos\contra\contranes\contranes\x64\debug\vc143.pdb
c:\users\qdo20\source\repos\contra\contranes\contranes\x64\debug\vc143.idb
c:\users\qdo20\source\repos\contra\contranes\contranes\x64\debug\main.obj
c:\users\qdo20\source\repos\contra\contranes\contranes\x64\debug\keyeventhandler.obj
c:\users\qdo20\source\repos\contra\contranes\contranes\x64\debug\keyboard.obj
c:\users\qdo20\source\repos\contra\contranes\contranes\x64\debug\gameobject.obj
c:\users\qdo20\source\repos\contra\contranes\contranes\x64\debug\debug.obj
c:\users\qdo20\source\repos\contra\contranes\contranes\x64\debug\player.obj
c:\users\qdo20\source\repos\contra\contranes\contranes\x64\debug\game.obj
c:\users\qdo20\source\repos\contra\contranes\contranes\x64\debug\sprite.obj
c:\users\qdo20\source\repos\contra\contranes\contranes\x64\debug\camera.obj
c:\users\qdo20\source\repos\contra\contranes\contranes\x64\debug\map.obj
c:\users\qdo20\source\repos\contra\contranes\contranes\x64\debug\textures.obj
c:\users\qdo20\source\repos\contra\contranes\contranes\x64\debug\map2.obj
c:\users\qdo20\source\repos\contra\contranes\contranes\x64\debug\sprites.obj
c:\users\qdo20\source\repos\contra\contranes\x64\debug\d3dcompiler_43.dll
c:\users\qdo20\source\repos\contra\contranes\x64\debug\d3dx9d_43.dll
c:\users\qdo20\source\repos\contra\contranes\x64\debug\d3dx10d_43.dll
c:\users\qdo20\source\repos\contra\contranes\x64\debug\d3dx11d_43.dll
c:\users\qdo20\source\repos\contra\contranes\x64\debug\contranes.exe
c:\users\qdo20\source\repos\contra\contranes\x64\debug\contranes.pdb
c:\users\qdo20\source\repos\contra\contranes\contranes\x64\debug\contranes.res
c:\users\qdo20\source\repos\contra\contranes\contranes\x64\debug\contranes.ilk
c:\users\qdo20\source\repos\contra\contranes\contranes\x64\debug\texture.obj
c:\users\qdo20\source\repos\contra\contranes\contranes\x64\debug\map.obj.enc
c:\users\qdo20\source\repos\contra\contranes\contranes\x64\debug\sprite.obj.enc
c:\users\qdo20\source\repos\contra\contranes\contranes\x64\debug\contranes.tlog\cl.command.1.tlog
c:\users\qdo20\source\repos\contra\contranes\contranes\x64\debug\contranes.tlog\cl.items.tlog
c:\users\qdo20\source\repos\contra\contranes\contranes\x64\debug\contranes.tlog\cl.read.1.tlog
c:\users\qdo20\source\repos\contra\contranes\contranes\x64\debug\contranes.tlog\cl.write.1.tlog
c:\users\qdo20\source\repos\contra\contranes\contranes\x64\debug\contranes.tlog\copylocal.read.1u.tlog
c:\users\qdo20\source\repos\contra\contranes\contranes\x64\debug\contranes.tlog\copylocal.write.1u.tlog
c:\users\qdo20\source\repos\contra\contranes\contranes\x64\debug\contranes.tlog\link.command.1.tlog
c:\users\qdo20\source\repos\contra\contranes\contranes\x64\debug\contranes.tlog\link.read.1.tlog
c:\users\qdo20\source\repos\contra\contranes\contranes\x64\debug\contranes.tlog\link.secondary.1.tlog
c:\users\qdo20\source\repos\contra\contranes\contranes\x64\debug\contranes.tlog\link.write.1.tlog
c:\users\qdo20\source\repos\contra\contranes\contranes\x64\debug\contranes.tlog\rc.command.1.tlog
c:\users\qdo20\source\repos\contra\contranes\contranes\x64\debug\contranes.tlog\rc.read.1.tlog
c:\users\qdo20\source\repos\contra\contranes\contranes\x64\debug\contranes.tlog\rc.write.1.tlog
